# JRE version: OpenJDK Runtime Environment (21.0.10) (build 21.0.10+-14961533-b1163.108)
# Java VM: OpenJDK 64-Bit Server VM (21.0.10+-14961533-b1163.108, mixed mode, tiered, compressed oops, compressed class ptrs, parallel gc, windows-amd64)
GC Precious Log:
 CardTable entry size: 512
 CPUs: 12 total, 12 available
 Memory: 16110M
 Large Page Support: Disabled
 NUMA Support: Disabled
 Compressed Oops: Enabled (32-bit)
 Alignments: Space 512K, Generation 512K, Heap 2M
 Heap Min Capacity: 100M
 Heap Initial Capacity: 100M
 Heap Max Capacity: 2G
 Pre-touch: Disabled
 Parallel Workers: 10
Heap:
 PSYoungGen      total 23040K, used 11651K [0x00000000d5580000, 0x00000000d7100000, 0x0000000100000000)
  eden space 22016K, 48% used [0x00000000d5580000,0x00000000d5fe0ea0,0x00000000d6b00000)
  from space 1024K, 100% used [0x00000000d6e80000,0x00000000d6f80000,0x00000000d6f80000)
  to   space 3072K, 0% used [0x00000000d6b00000,0x00000000d6b00000,0x00000000d6e00000)
 ParOldGen       total 68608K, used 18431K [0x0000000080000000, 0x0000000084300000, 0x00000000d5580000)
  object space 68608K, 26% used [0x0000000080000000,0x00000000811ffe28,0x0000000084300000)
 Metaspace       used 42566K, committed 43328K, reserved 1114112K
  class space    used 4289K, committed 4608K, reserved 1048576K
GC Heap History (20 events):
Event: 5.184 GC heap before
{Heap before GC invocations=7 (full 1):
 PSYoungGen      total 27648K, used 27356K [0x00000000d5580000, 0x00000000d7300000, 0x0000000100000000)
  eden space 25088K, 100% used [0x00000000d5580000,0x00000000d6e00000,0x00000000d6e00000)
  from space 2560K, 88% used [0x00000000d6e80000,0x00000000d70b71e8,0x00000000d7100000)
  to   space 2048K, 0% used [0x00000000d7100000,0x00000000d7100000,0x00000000d7300000)
 ParOldGen       total 68608K, used 5986K [0x0000000080000000, 0x0000000084300000, 0x00000000d5580000)
  object space 68608K, 8% used [0x0000000080000000,0x00000000805d8928,0x0000000084300000)
 Metaspace       used 31303K, committed 31808K, reserved 1114112K
  class space    used 3037K, committed 3264K, reserved 1048576K
}
Event: 5.186 GC heap after
{Heap after GC invocations=7 (full 1):
 PSYoungGen      total 25600K, used 2036K [0x00000000d5580000, 0x00000000d7680000, 0x0000000100000000)
  eden space 23552K, 0% used [0x00000000d5580000,0x00000000d5580000,0x00000000d6c80000)
  from space 2048K, 99% used [0x00000000d7100000,0x00000000d72fd120,0x00000000d7300000)
  to   space 4608K, 0% used [0x00000000d6c80000,0x00000000d6c80000,0x00000000d7100000)
 ParOldGen       total 68608K, used 7916K [0x0000000080000000, 0x0000000084300000, 0x00000000d5580000)
  object space 68608K, 11% used [0x0000000080000000,0x00000000807bb3d0,0x0000000084300000)
 Metaspace       used 31303K, committed 31808K, reserved 1114112K
  class space    used 3037K, committed 3264K, reserved 1048576K
}
Event: 6.113 GC heap before
{Heap before GC invocations=8 (full 1):
 PSYoungGen      total 25600K, used 22395K [0x00000000d5580000, 0x00000000d7680000, 0x0000000100000000)
  eden space 23552K, 86% used [0x00000000d5580000,0x00000000d6961eb0,0x00000000d6c80000)
  from space 2048K, 99% used [0x00000000d7100000,0x00000000d72fd120,0x00000000d7300000)
  to   space 4608K, 0% used [0x00000000d6c80000,0x00000000d6c80000,0x00000000d7100000)
 ParOldGen       total 68608K, used 7916K [0x0000000080000000, 0x0000000084300000, 0x00000000d5580000)
  object space 68608K, 11% used [0x0000000080000000,0x00000000807bb3d0,0x0000000084300000)
 Metaspace       used 35202K, committed 35840K, reserved 1114112K
  class space    used 3438K, committed 3712K, reserved 1048576K
}
Event: 6.116 GC heap after
{Heap after GC invocations=8 (full 1):
 PSYoungGen      total 28160K, used 4195K [0x00000000d5580000, 0x00000000d7680000, 0x0000000100000000)
  eden space 23552K, 0% used [0x00000000d5580000,0x00000000d5580000,0x00000000d6c80000)
  from space 4608K, 91% used [0x00000000d6c80000,0x00000000d7098e98,0x00000000d7100000)
  to   space 4608K, 0% used [0x00000000d7200000,0x00000000d7200000,0x00000000d7680000)
 ParOldGen       total 68608K, used 7924K [0x0000000080000000, 0x0000000084300000, 0x00000000d5580000)
  object space 68608K, 11% used [0x0000000080000000,0x00000000807bd3d0,0x0000000084300000)
 Metaspace       used 35202K, committed 35840K, reserved 1114112K
  class space    used 3438K, committed 3712K, reserved 1048576K
}
Event: 6.116 GC heap before
{Heap before GC invocations=9 (full 2):
 PSYoungGen      total 28160K, used 4195K [0x00000000d5580000, 0x00000000d7680000, 0x0000000100000000)
  eden space 23552K, 0% used [0x00000000d5580000,0x00000000d5580000,0x00000000d6c80000)
  from space 4608K, 91% used [0x00000000d6c80000,0x00000000d7098e98,0x00000000d7100000)
  to   space 4608K, 0% used [0x00000000d7200000,0x00000000d7200000,0x00000000d7680000)
 ParOldGen       total 68608K, used 7924K [0x0000000080000000, 0x0000000084300000, 0x00000000d5580000)
  object space 68608K, 11% used [0x0000000080000000,0x00000000807bd3d0,0x0000000084300000)
 Metaspace       used 35202K, committed 35840K, reserved 1114112K
  class space    used 3438K, committed 3712K, reserved 1048576K
}
Event: 6.156 GC heap after
{Heap after GC invocations=9 (full 2):
 PSYoungGen      total 28160K, used 0K [0x00000000d5580000, 0x00000000d7680000, 0x0000000100000000)
  eden space 23552K, 0% used [0x00000000d5580000,0x00000000d5580000,0x00000000d6c80000)
  from space 4608K, 0% used [0x00000000d6c80000,0x00000000d6c80000,0x00000000d7100000)
  to   space 4608K, 0% used [0x00000000d7200000,0x00000000d7200000,0x00000000d7680000)
 ParOldGen       total 68608K, used 11709K [0x0000000080000000, 0x0000000084300000, 0x00000000d5580000)
  object space 68608K, 17% used [0x0000000080000000,0x0000000080b6f408,0x0000000084300000)
 Metaspace       used 35189K, committed 35840K, reserved 1114112K
  class space    used 3434K, committed 3712K, reserved 1048576K
}
Event: 7.095 GC heap before
{Heap before GC invocations=10 (full 2):
 PSYoungGen      total 28160K, used 23552K [0x00000000d5580000, 0x00000000d7680000, 0x0000000100000000)
  eden space 23552K, 100% used [0x00000000d5580000,0x00000000d6c80000,0x00000000d6c80000)
  from space 4608K, 0% used [0x00000000d6c80000,0x00000000d6c80000,0x00000000d7100000)
  to   space 4608K, 0% used [0x00000000d7200000,0x00000000d7200000,0x00000000d7680000)
 ParOldGen       total 68608K, used 11709K [0x0000000080000000, 0x0000000084300000, 0x00000000d5580000)
  object space 68608K, 17% used [0x0000000080000000,0x0000000080b6f408,0x0000000084300000)
 Metaspace       used 39051K, committed 39808K, reserved 1114112K
  class space    used 3906K, committed 4224K, reserved 1048576K
}
Event: 7.097 GC heap after
{Heap after GC invocations=10 (full 2):
 PSYoungGen      total 24576K, used 1208K [0x00000000d5580000, 0x00000000d7380000, 0x0000000100000000)
  eden space 23040K, 0% used [0x00000000d5580000,0x00000000d5580000,0x00000000d6c00000)
  from space 1536K, 78% used [0x00000000d7200000,0x00000000d732e240,0x00000000d7380000)
  to   space 2560K, 0% used [0x00000000d6e80000,0x00000000d6e80000,0x00000000d7100000)
 ParOldGen       total 68608K, used 11717K [0x0000000080000000, 0x0000000084300000, 0x00000000d5580000)
  object space 68608K, 17% used [0x0000000080000000,0x0000000080b71408,0x0000000084300000)
 Metaspace       used 39051K, committed 39808K, reserved 1114112K
  class space    used 3906K, committed 4224K, reserved 1048576K
}
Event: 8.336 GC heap before
{Heap before GC invocations=11 (full 2):
 PSYoungGen      total 24576K, used 24248K [0x00000000d5580000, 0x00000000d7380000, 0x0000000100000000)
  eden space 23040K, 100% used [0x00000000d5580000,0x00000000d6c00000,0x00000000d6c00000)
  from space 1536K, 78% used [0x00000000d7200000,0x00000000d732e240,0x00000000d7380000)
  to   space 2560K, 0% used [0x00000000d6e80000,0x00000000d6e80000,0x00000000d7100000)
 ParOldGen       total 68608K, used 11717K [0x0000000080000000, 0x0000000084300000, 0x00000000d5580000)
  object space 68608K, 17% used [0x0000000080000000,0x0000000080b71408,0x0000000084300000)
 Metaspace       used 41993K, committed 42816K, reserved 1114112K
  class space    used 4251K, committed 4608K, reserved 1048576K
}
Event: 8.339 GC heap after
{Heap after GC invocations=11 (full 2):
 PSYoungGen      total 25088K, used 2549K [0x00000000d5580000, 0x00000000d7280000, 0x0000000100000000)
  eden space 22528K, 0% used [0x00000000d5580000,0x00000000d5580000,0x00000000d6b80000)
  from space 2560K, 99% used [0x00000000d6e80000,0x00000000d70fd778,0x00000000d7100000)
  to   space 1536K, 0% used [0x00000000d7100000,0x00000000d7100000,0x00000000d7280000)
 ParOldGen       total 68608K, used 11725K [0x0000000080000000, 0x0000000084300000, 0x00000000d5580000)
  object space 68608K, 17% used [0x0000000080000000,0x0000000080b73408,0x0000000084300000)
 Metaspace       used 41993K, committed 42816K, reserved 1114112K
  class space    used 4251K, committed 4608K, reserved 1048576K
}
Event: 9.398 GC heap before
{Heap before GC invocations=12 (full 2):
 PSYoungGen      total 25088K, used 25077K [0x00000000d5580000, 0x00000000d7280000, 0x0000000100000000)
  eden space 22528K, 100% used [0x00000000d5580000,0x00000000d6b80000,0x00000000d6b80000)
  from space 2560K, 99% used [0x00000000d6e80000,0x00000000d70fd778,0x00000000d7100000)
  to   space 1536K, 0% used [0x00000000d7100000,0x00000000d7100000,0x00000000d7280000)
 ParOldGen       total 68608K, used 11725K [0x0000000080000000, 0x0000000084300000, 0x00000000d5580000)
  object space 68608K, 17% used [0x0000000080000000,0x0000000080b73408,0x0000000084300000)
 Metaspace       used 42561K, committed 43328K, reserved 1114112K
  class space    used 4289K, committed 4608K, reserved 1048576K
}
Event: 9.402 GC heap after
{Heap after GC invocations=12 (full 2):
 PSYoungGen      total 23552K, used 1533K [0x00000000d5580000, 0x00000000d7300000, 0x0000000100000000)
  eden space 22016K, 0% used [0x00000000d5580000,0x00000000d5580000,0x00000000d6b00000)
  from space 1536K, 99% used [0x00000000d7100000,0x00000000d727f760,0x00000000d7280000)
  to   space 4096K, 0% used [0x00000000d6b00000,0x00000000d6b00000,0x00000000d6f00000)
 ParOldGen       total 68608K, used 13874K [0x0000000080000000, 0x0000000084300000, 0x00000000d5580000)
  object space 68608K, 20% used [0x0000000080000000,0x0000000080d8c998,0x0000000084300000)
 Metaspace       used 42561K, committed 43328K, reserved 1114112K
  class space    used 4289K, committed 4608K, reserved 1048576K
}
Event: 9.854 GC heap before
{Heap before GC invocations=13 (full 2):
 PSYoungGen      total 23552K, used 23549K [0x00000000d5580000, 0x00000000d7300000, 0x0000000100000000)
  eden space 22016K, 100% used [0x00000000d5580000,0x00000000d6b00000,0x00000000d6b00000)
  from space 1536K, 99% used [0x00000000d7100000,0x00000000d727f760,0x00000000d7280000)
  to   space 4096K, 0% used [0x00000000d6b00000,0x00000000d6b00000,0x00000000d6f00000)
 ParOldGen       total 68608K, used 13874K [0x0000000080000000, 0x0000000084300000, 0x00000000d5580000)
  object space 68608K, 20% used [0x0000000080000000,0x0000000080d8c998,0x0000000084300000)
 Metaspace       used 42566K, committed 43328K, reserved 1114112K
  class space    used 4289K, committed 4608K, reserved 1048576K
}
Event: 9.858 GC heap after
{Heap after GC invocations=13 (full 2):
 PSYoungGen      total 26112K, used 1184K [0x00000000d5580000, 0x00000000d7180000, 0x0000000100000000)
  eden space 22016K, 0% used [0x00000000d5580000,0x00000000d5580000,0x00000000d6b00000)
  from space 4096K, 28% used [0x00000000d6b00000,0x00000000d6c28000,0x00000000d6f00000)
  to   space 2560K, 0% used [0x00000000d6f00000,0x00000000d6f00000,0x00000000d7180000)
 ParOldGen       total 68608K, used 15440K [0x0000000080000000, 0x0000000084300000, 0x00000000d5580000)
  object space 68608K, 22% used [0x0000000080000000,0x0000000080f14128,0x0000000084300000)
 Metaspace       used 42566K, committed 43328K, reserved 1114112K
  class space    used 4289K, committed 4608K, reserved 1048576K
}
Event: 10.563 GC heap before
{Heap before GC invocations=14 (full 2):
 PSYoungGen      total 26112K, used 23200K [0x00000000d5580000, 0x00000000d7180000, 0x0000000100000000)
  eden space 22016K, 100% used [0x00000000d5580000,0x00000000d6b00000,0x00000000d6b00000)
  from space 4096K, 28% used [0x00000000d6b00000,0x00000000d6c28000,0x00000000d6f00000)
  to   space 2560K, 0% used [0x00000000d6f00000,0x00000000d6f00000,0x00000000d7180000)
 ParOldGen       total 68608K, used 15440K [0x0000000080000000, 0x0000000084300000, 0x00000000d5580000)
  object space 68608K, 22% used [0x0000000080000000,0x0000000080f14128,0x0000000084300000)
 Metaspace       used 42566K, committed 43328K, reserved 1114112K
  class space    used 4289K, committed 4608K, reserved 1048576K
}
Event: 10.565 GC heap after
{Heap after GC invocations=14 (full 2):
 PSYoungGen      total 23040K, used 928K [0x00000000d5580000, 0x00000000d7000000, 0x0000000100000000)
  eden space 22016K, 0% used [0x00000000d5580000,0x00000000d5580000,0x00000000d6b00000)
  from space 1024K, 90% used [0x00000000d6f00000,0x00000000d6fe8000,0x00000000d7000000)
  to   space 1536K, 0% used [0x00000000d6d00000,0x00000000d6d00000,0x00000000d6e80000)
 ParOldGen       total 68608K, used 16352K [0x0000000080000000, 0x0000000084300000, 0x00000000d5580000)
  object space 68608K, 23% used [0x0000000080000000,0x0000000080ff8128,0x0000000084300000)
 Metaspace       used 42566K, committed 43328K, reserved 1114112K
  class space    used 4289K, committed 4608K, reserved 1048576K
}
Event: 10.962 GC heap before
{Heap before GC invocations=15 (full 2):
 PSYoungGen      total 23040K, used 22944K [0x00000000d5580000, 0x00000000d7000000, 0x0000000100000000)
  eden space 22016K, 100% used [0x00000000d5580000,0x00000000d6b00000,0x00000000d6b00000)
  from space 1024K, 90% used [0x00000000d6f00000,0x00000000d6fe8000,0x00000000d7000000)
  to   space 1536K, 0% used [0x00000000d6d00000,0x00000000d6d00000,0x00000000d6e80000)
 ParOldGen       total 68608K, used 16352K [0x0000000080000000, 0x0000000084300000, 0x00000000d5580000)
  object space 68608K, 23% used [0x0000000080000000,0x0000000080ff8128,0x0000000084300000)
 Metaspace       used 42566K, committed 43328K, reserved 1114112K
  class space    used 4289K, committed 4608K, reserved 1048576K
}
Event: 10.965 GC heap after
{Heap after GC invocations=15 (full 2):
 PSYoungGen      total 23552K, used 1056K [0x00000000d5580000, 0x00000000d6f80000, 0x0000000100000000)
  eden space 22016K, 0% used [0x00000000d5580000,0x00000000d5580000,0x00000000d6b00000)
  from space 1536K, 68% used [0x00000000d6d00000,0x00000000d6e08000,0x00000000d6e80000)
  to   space 1024K, 0% used [0x00000000d6e80000,0x00000000d6e80000,0x00000000d6f80000)
 ParOldGen       total 68608K, used 17111K [0x0000000080000000, 0x0000000084300000, 0x00000000d5580000)
  object space 68608K, 24% used [0x0000000080000000,0x00000000810b5e28,0x0000000084300000)
 Metaspace       used 42566K, committed 43328K, reserved 1114112K
  class space    used 4289K, committed 4608K, reserved 1048576K
}
Event: 11.429 GC heap before
{Heap before GC invocations=16 (full 2):
 PSYoungGen      total 23552K, used 23072K [0x00000000d5580000, 0x00000000d6f80000, 0x0000000100000000)
  eden space 22016K, 100% used [0x00000000d5580000,0x00000000d6b00000,0x00000000d6b00000)
  from space 1536K, 68% used [0x00000000d6d00000,0x00000000d6e08000,0x00000000d6e80000)
  to   space 1024K, 0% used [0x00000000d6e80000,0x00000000d6e80000,0x00000000d6f80000)
 ParOldGen       total 68608K, used 17111K [0x0000000080000000, 0x0000000084300000, 0x00000000d5580000)
  object space 68608K, 24% used [0x0000000080000000,0x00000000810b5e28,0x0000000084300000)
 Metaspace       used 42566K, committed 43328K, reserved 1114112K
  class space    used 4289K, committed 4608K, reserved 1048576K
}
Event: 11.432 GC heap after
{Heap after GC invocations=16 (full 2):
 PSYoungGen      total 23040K, used 1024K [0x00000000d5580000, 0x00000000d7100000, 0x0000000100000000)
  eden space 22016K, 0% used [0x00000000d5580000,0x00000000d5580000,0x00000000d6b00000)
  from space 1024K, 100% used [0x00000000d6e80000,0x00000000d6f80000,0x00000000d6f80000)
  to   space 3072K, 0% used [0x00000000d6b00000,0x00000000d6b00000,0x00000000d6e00000)
 ParOldGen       total 68608K, used 18431K [0x0000000080000000, 0x0000000084300000, 0x00000000d5580000)
  object space 68608K, 26% used [0x0000000080000000,0x00000000811ffe28,0x0000000084300000)
 Metaspace       used 42566K, committed 43328K, reserved 1114112K
  class space    used 4289K, committed 4608K, reserved 1048576K
}

